This file contains any messages produced by compilers while
running configure, to aid debugging if configure makes a mistake.

It was created by configure, which was
generated by GNU Autoconf 2.59.  Invocation command line was

  $ ./configure 

## --------- ##
## Platform. ##
## --------- ##

hostname = curry-virtual-machine
uname -m = x86_64
uname -r = 4.15.0-60-generic
uname -s = Linux
uname -v = #67~16.04.1-Ubuntu SMP Mon Aug 26 08:57:33 UTC 2019

/usr/bin/uname -p = unknown
/bin/uname -X     = unknown

/bin/arch              = unknown
/usr/bin/arch -k       = unknown
/usr/convex/getsysinfo = unknown
hostinfo               = unknown
/bin/machine           = unknown
/usr/bin/oslevel       = unknown
/bin/universe          = unknown

PATH: /home/curry/bin
PATH: /home/curry/.local/bin
PATH: /usr/local/sbin
PATH: /usr/local/bin
PATH: /usr/sbin
PATH: /usr/bin
PATH: /sbin
PATH: /bin
PATH: /usr/games
PATH: /usr/local/games
PATH: /snap/bin


## ----------- ##
## Core tests. ##
## ----------- ##

configure:1352: checking for g++
configure:1368: found /usr/bin/g++
configure:1378: result: g++
configure:1394: checking for C++ compiler version
configure:1397: g++ --version </dev/null >&5
g++ (Ubuntu 5.4.0-6ubuntu1~16.04.10) 5.4.0 20160609
Copyright (C) 2015 Free Software Foundation, Inc.
This is free software; see the source for copying conditions.  There is NO
warranty; not even for MERCHANTABILITY or FITNESS FOR A PARTICULAR PURPOSE.

configure:1400: $? = 0
configure:1402: g++ -v </dev/null >&5
Using built-in specs.
COLLECT_GCC=g++
COLLECT_LTO_WRAPPER=/usr/lib/gcc/x86_64-linux-gnu/5/lto-wrapper
Target: x86_64-linux-gnu
Configured with: ../src/configure -v --with-pkgversion='Ubuntu 5.4.0-6ubuntu1~16.04.10' --with-bugurl=file:///usr/share/doc/gcc-5/README.Bugs --enable-languages=c,ada,c++,java,go,d,fortran,objc,obj-c++ --prefix=/usr --program-suffix=-5 --enable-shared --enable-linker-build-id --libexecdir=/usr/lib --without-included-gettext --enable-threads=posix --libdir=/usr/lib --enable-nls --with-sysroot=/ --enable-clocale=gnu --enable-libstdcxx-debug --enable-libstdcxx-time=yes --with-default-libstdcxx-abi=new --enable-gnu-unique-object --disable-vtable-verify --enable-libmpx --enable-plugin --with-system-zlib --disable-browser-plugin --enable-java-awt=gtk --enable-gtk-cairo --with-java-home=/usr/lib/jvm/java-1.5.0-gcj-5-amd64/jre --enable-java-home --with-jvm-root-dir=/usr/lib/jvm/java-1.5.0-gcj-5-amd64 --with-jvm-jar-dir=/usr/lib/jvm-exports/java-1.5.0-gcj-5-amd64 --with-arch-directory=amd64 --with-ecj-jar=/usr/share/java/eclipse-ecj.jar --enable-objc-gc --enable-multiarch --disable-werror --with-arch-32=i686 --with-abi=m64 --with-multilib-list=m32,m64,mx32 --enable-multilib --with-tune=generic --enable-checking=release --build=x86_64-linux-gnu --host=x86_64-linux-gnu --target=x86_64-linux-gnu
Thread model: posix
gcc version 5.4.0 20160609 (Ubuntu 5.4.0-6ubuntu1~16.04.10) 
configure:1405: $? = 0
configure:1407: g++ -V </dev/null >&5
g++: error: unrecognized command line option '-V'
g++: fatal error: no input files
compilation terminated.
configure:1410: $? = 1
configure:1433: checking for C++ compiler default output file name
configure:1436: g++    conftest.cc  >&5
configure:1439: $? = 0
configure:1485: result: a.out
configure:1490: checking whether the C++ compiler works
configure:1496: ./a.out
configure:1499: $? = 0
configure:1516: result: yes
configure:1523: checking whether we are cross compiling
configure:1525: result: no
configure:1528: checking for suffix of executables
configure:1530: g++ -o conftest    conftest.cc  >&5
configure:1533: $? = 0
configure:1558: result: 
configure:1564: checking for suffix of object files
configure:1585: g++ -c   conftest.cc >&5
configure:1588: $? = 0
configure:1610: result: o
configure:1614: checking whether we are using the GNU C++ compiler
configure:1638: g++ -c   conftest.cc >&5
configure:1644: $? = 0
configure:1648: test -z 
			 || test ! -s conftest.err
configure:1651: $? = 0
configure:1654: test -s conftest.o
configure:1657: $? = 0
configure:1670: result: yes
configure:1676: checking whether g++ accepts -g
configure:1697: g++ -c -g  conftest.cc >&5
configure:1703: $? = 0
configure:1707: test -z 
			 || test ! -s conftest.err
configure:1710: $? = 0
configure:1713: test -s conftest.o
configure:1716: $? = 0
configure:1727: result: yes
configure:1769: g++ -c -g -O2  conftest.cc >&5
configure:1775: $? = 0
configure:1779: test -z 
			 || test ! -s conftest.err
configure:1782: $? = 0
configure:1785: test -s conftest.o
configure:1788: $? = 0
configure:1814: g++ -c -g -O2  conftest.cc >&5
conftest.cc: In function 'int main()':
conftest.cc:13:9: error: 'exit' was not declared in this scope
 exit (42);
         ^
configure:1820: $? = 1
configure: failed program was:
| /* confdefs.h.  */
| 
| #define PACKAGE_NAME ""
| #define PACKAGE_TARNAME ""
| #define PACKAGE_VERSION ""
| #define PACKAGE_STRING ""
| #define PACKAGE_BUGREPORT ""
| /* end confdefs.h.  */
| 
| int
| main ()
| {
| exit (42);
|   ;
|   return 0;
| }
configure:1769: g++ -c -g -O2  conftest.cc >&5
conftest.cc:9:40: error: 'void std::exit(int)' should have been declared inside 'std'
 extern "C" void std::exit (int) throw (); using std::exit;
                                        ^
configure:1775: $? = 1
configure: failed program was:
| /* confdefs.h.  */
| 
| #define PACKAGE_NAME ""
| #define PACKAGE_TARNAME ""
| #define PACKAGE_VERSION ""
| #define PACKAGE_STRING ""
| #define PACKAGE_BUGREPORT ""
| /* end confdefs.h.  */
| extern "C" void std::exit (int) throw (); using std::exit;
| #include <stdlib.h>
| int
| main ()
| {
| exit (42);
|   ;
|   return 0;
| }
configure:1769: g++ -c -g -O2  conftest.cc >&5
conftest.cc:9:31: error: 'void std::exit(int)' should have been declared inside 'std'
 extern "C" void std::exit (int); using std::exit;
                               ^
In file included from conftest.cc:10:0:
/usr/include/stdlib.h:543:70: error: declaration of 'void std::exit(int) throw ()' has a different exception specifier
 extern void exit (int __status) __THROW __attribute__ ((__noreturn__));
                                                                      ^
conftest.cc:9:17: error: from previous declaration 'void std::exit(int)'
 extern "C" void std::exit (int); using std::exit;
                 ^
configure:1775: $? = 1
configure: failed program was:
| /* confdefs.h.  */
| 
| #define PACKAGE_NAME ""
| #define PACKAGE_TARNAME ""
| #define PACKAGE_VERSION ""
| #define PACKAGE_STRING ""
| #define PACKAGE_BUGREPORT ""
| /* end confdefs.h.  */
| extern "C" void std::exit (int); using std::exit;
| #include <stdlib.h>
| int
| main ()
| {
| exit (42);
|   ;
|   return 0;
| }
configure:1769: g++ -c -g -O2  conftest.cc >&5
configure:1775: $? = 0
configure:1779: test -z 
			 || test ! -s conftest.err
configure:1782: $? = 0
configure:1785: test -s conftest.o
configure:1788: $? = 0
configure:1814: g++ -c -g -O2  conftest.cc >&5
configure:1820: $? = 0
configure:1824: test -z 
			 || test ! -s conftest.err
configure:1827: $? = 0
configure:1830: test -s conftest.o
configure:1833: $? = 0
configure:1903: checking for gcc
configure:1919: found /usr/bin/gcc
configure:1929: result: gcc
configure:2173: checking for C compiler version
configure:2176: gcc --version </dev/null >&5
gcc (Ubuntu 5.4.0-6ubuntu1~16.04.10) 5.4.0 20160609
Copyright (C) 2015 Free Software Foundation, Inc.
This is free software; see the source for copying conditions.  There is NO
warranty; not even for MERCHANTABILITY or FITNESS FOR A PARTICULAR PURPOSE.

configure:2179: $? = 0
configure:2181: gcc -v </dev/null >&5
Using built-in specs.
COLLECT_GCC=gcc
COLLECT_LTO_WRAPPER=/usr/lib/gcc/x86_64-linux-gnu/5/lto-wrapper
Target: x86_64-linux-gnu
Configured with: ../src/configure -v --with-pkgversion='Ubuntu 5.4.0-6ubuntu1~16.04.10' --with-bugurl=file:///usr/share/doc/gcc-5/README.Bugs --enable-languages=c,ada,c++,java,go,d,fortran,objc,obj-c++ --prefix=/usr --program-suffix=-5 --enable-shared --enable-linker-build-id --libexecdir=/usr/lib --without-included-gettext --enable-threads=posix --libdir=/usr/lib --enable-nls --with-sysroot=/ --enable-clocale=gnu --enable-libstdcxx-debug --enable-libstdcxx-time=yes --with-default-libstdcxx-abi=new --enable-gnu-unique-object --disable-vtable-verify --enable-libmpx --enable-plugin --with-system-zlib --disable-browser-plugin --enable-java-awt=gtk --enable-gtk-cairo --with-java-home=/usr/lib/jvm/java-1.5.0-gcj-5-amd64/jre --enable-java-home --with-jvm-root-dir=/usr/lib/jvm/java-1.5.0-gcj-5-amd64 --with-jvm-jar-dir=/usr/lib/jvm-exports/java-1.5.0-gcj-5-amd64 --with-arch-directory=amd64 --with-ecj-jar=/usr/share/java/eclipse-ecj.jar --enable-objc-gc --enable-multiarch --disable-werror --with-arch-32=i686 --with-abi=m64 --with-multilib-list=m32,m64,mx32 --enable-multilib --with-tune=generic --enable-checking=release --build=x86_64-linux-gnu --host=x86_64-linux-gnu --target=x86_64-linux-gnu
Thread model: posix
gcc version 5.4.0 20160609 (Ubuntu 5.4.0-6ubuntu1~16.04.10) 
configure:2184: $? = 0
configure:2186: gcc -V </dev/null >&5
gcc: error: unrecognized command line option '-V'
gcc: fatal error: no input files
compilation terminated.
configure:2189: $? = 1
configure:2192: checking whether we are using the GNU C compiler
configure:2216: gcc -c   conftest.c >&5
configure:2222: $? = 0
configure:2226: test -z 
			 || test ! -s conftest.err
configure:2229: $? = 0
configure:2232: test -s conftest.o
configure:2235: $? = 0
configure:2248: result: yes
configure:2254: checking whether gcc accepts -g
configure:2275: gcc -c -g  conftest.c >&5
configure:2281: $? = 0
configure:2285: test -z 
			 || test ! -s conftest.err
configure:2288: $? = 0
configure:2291: test -s conftest.o
configure:2294: $? = 0
configure:2305: result: yes
configure:2322: checking for gcc option to accept ANSI C
configure:2392: gcc  -c -g -O2  conftest.c >&5
configure:2398: $? = 0
configure:2402: test -z 
			 || test ! -s conftest.err
configure:2405: $? = 0
configure:2408: test -s conftest.o
configure:2411: $? = 0
configure:2429: result: none needed
configure:2447: gcc -c -g -O2  conftest.c >&5
conftest.c:2:3: error: unknown type name 'choke'
   choke me
   ^
conftest.c:2:3: error: expected '=', ',', ';', 'asm' or '__attribute__' at end of input
configure:2453: $? = 1
configure: failed program was:
| #ifndef __cplusplus
|   choke me
| #endif
configure:2592: checking how to run the C preprocessor
configure:2627: gcc -E  conftest.c
configure:2633: $? = 0
configure:2665: gcc -E  conftest.c
conftest.c:12:28: fatal error: ac_nonexistent.h: No such file or directory
compilation terminated.
configure:2671: $? = 1
configure: failed program was:
| /* confdefs.h.  */
| 
| #define PACKAGE_NAME ""
| #define PACKAGE_TARNAME ""
| #define PACKAGE_VERSION ""
| #define PACKAGE_STRING ""
| #define PACKAGE_BUGREPORT ""
| #ifdef __cplusplus
| extern "C" void exit (int) throw ();
| #endif
| /* end confdefs.h.  */
| #include <ac_nonexistent.h>
configure:2710: result: gcc -E
configure:2734: gcc -E  conftest.c
configure:2740: $? = 0
configure:2772: gcc -E  conftest.c
conftest.c:12:28: fatal error: ac_nonexistent.h: No such file or directory
compilation terminated.
configure:2778: $? = 1
configure: failed program was:
| /* confdefs.h.  */
| 
| #define PACKAGE_NAME ""
| #define PACKAGE_TARNAME ""
| #define PACKAGE_VERSION ""
| #define PACKAGE_STRING ""
| #define PACKAGE_BUGREPORT ""
| #ifdef __cplusplus
| extern "C" void exit (int) throw ();
| #endif
| /* end confdefs.h.  */
| #include <ac_nonexistent.h>
configure:2822: checking for egrep
configure:2832: result: grep -E
configure:2837: checking for ANSI C header files
configure:2862: gcc -c -g -O2  conftest.c >&5
configure:2868: $? = 0
configure:2872: test -z 
			 || test ! -s conftest.err
configure:2875: $? = 0
configure:2878: test -s conftest.o
configure:2881: $? = 0
configure:2970: gcc -o conftest -g -O2   conftest.c  >&5
conftest.c: In function 'main':
conftest.c:29:7: warning: implicit declaration of function 'exit' [-Wimplicit-function-declaration]
       exit(2);
       ^
conftest.c:29:7: warning: incompatible implicit declaration of built-in function 'exit'
conftest.c:29:7: note: include '<stdlib.h>' or provide a declaration of 'exit'
conftest.c:30:3: warning: incompatible implicit declaration of built-in function 'exit'
   exit (0);
   ^
conftest.c:30:3: note: include '<stdlib.h>' or provide a declaration of 'exit'
configure:2973: $? = 0
configure:2975: ./conftest
configure:2978: $? = 0
configure:2993: result: yes
configure:3017: checking for sys/types.h
configure:3033: gcc -c -g -O2  conftest.c >&5
configure:3039: $? = 0
configure:3043: test -z 
			 || test ! -s conftest.err
configure:3046: $? = 0
configure:3049: test -s conftest.o
configure:3052: $? = 0
configure:3063: result: yes
configure:3017: checking for sys/stat.h
configure:3033: gcc -c -g -O2  conftest.c >&5
configure:3039: $? = 0
configure:3043: test -z 
			 || test ! -s conftest.err
configure:3046: $? = 0
configure:3049: test -s conftest.o
configure:3052: $? = 0
configure:3063: result: yes
configure:3017: checking for stdlib.h
configure:3033: gcc -c -g -O2  conftest.c >&5
configure:3039: $? = 0
configure:3043: test -z 
			 || test ! -s conftest.err
configure:3046: $? = 0
configure:3049: test -s conftest.o
configure:3052: $? = 0
configure:3063: result: yes
configure:3017: checking for string.h
configure:3033: gcc -c -g -O2  conftest.c >&5
configure:3039: $? = 0
configure:3043: test -z 
			 || test ! -s conftest.err
configure:3046: $? = 0
configure:3049: test -s conftest.o
configure:3052: $? = 0
configure:3063: result: yes
configure:3017: checking for memory.h
configure:3033: gcc -c -g -O2  conftest.c >&5
configure:3039: $? = 0
configure:3043: test -z 
			 || test ! -s conftest.err
configure:3046: $? = 0
configure:3049: test -s conftest.o
configure:3052: $? = 0
configure:3063: result: yes
configure:3017: checking for strings.h
configure:3033: gcc -c -g -O2  conftest.c >&5
configure:3039: $? = 0
configure:3043: test -z 
			 || test ! -s conftest.err
configure:3046: $? = 0
configure:3049: test -s conftest.o
configure:3052: $? = 0
configure:3063: result: yes
configure:3017: checking for inttypes.h
configure:3033: gcc -c -g -O2  conftest.c >&5
configure:3039: $? = 0
configure:3043: test -z 
			 || test ! -s conftest.err
configure:3046: $? = 0
configure:3049: test -s conftest.o
configure:3052: $? = 0
configure:3063: result: yes
configure:3017: checking for stdint.h
configure:3033: gcc -c -g -O2  conftest.c >&5
configure:3039: $? = 0
configure:3043: test -z 
			 || test ! -s conftest.err
configure:3046: $? = 0
configure:3049: test -s conftest.o
configure:3052: $? = 0
configure:3063: result: yes
configure:3017: checking for unistd.h
configure:3033: gcc -c -g -O2  conftest.c >&5
configure:3039: $? = 0
configure:3043: test -z 
			 || test ! -s conftest.err
configure:3046: $? = 0
configure:3049: test -s conftest.o
configure:3052: $? = 0
configure:3063: result: yes
configure:3099: checking assert.h usability
configure:3111: gcc -c -g -O2  conftest.c >&5
configure:3117: $? = 0
configure:3121: test -z 
			 || test ! -s conftest.err
configure:3124: $? = 0
configure:3127: test -s conftest.o
configure:3130: $? = 0
configure:3140: result: yes
configure:3144: checking assert.h presence
configure:3154: gcc -E  conftest.c
configure:3160: $? = 0
configure:3180: result: yes
configure:3215: checking for assert.h
configure:3222: result: yes
configure:3099: checking fcntl.h usability
configure:3111: gcc -c -g -O2  conftest.c >&5
configure:3117: $? = 0
configure:3121: test -z 
			 || test ! -s conftest.err
configure:3124: $? = 0
configure:3127: test -s conftest.o
configure:3130: $? = 0
configure:3140: result: yes
configure:3144: checking fcntl.h presence
configure:3154: gcc -E  conftest.c
configure:3160: $? = 0
configure:3180: result: yes
configure:3215: checking for fcntl.h
configure:3222: result: yes
configure:3090: checking for unistd.h
configure:3095: result: yes
configure:3099: checking dbmalloc.h usability
configure:3111: gcc -c -g -O2  conftest.c >&5
conftest.c:59:22: fatal error: dbmalloc.h: No such file or directory
compilation terminated.
configure:3117: $? = 1
configure: failed program was:
| /* confdefs.h.  */
| 
| #define PACKAGE_NAME ""
| #define PACKAGE_TARNAME ""
| #define PACKAGE_VERSION ""
| #define PACKAGE_STRING ""
| #define PACKAGE_BUGREPORT ""
| #ifdef __cplusplus
| extern "C" void exit (int) throw ();
| #endif
| #define STDC_HEADERS 1
| #define HAVE_SYS_TYPES_H 1
| #define HAVE_SYS_STAT_H 1
| #define HAVE_STDLIB_H 1
| #define HAVE_STRING_H 1
| #define HAVE_MEMORY_H 1
| #define HAVE_STRINGS_H 1
| #define HAVE_INTTYPES_H 1
| #define HAVE_STDINT_H 1
| #define HAVE_UNISTD_H 1
| #define HAVE_ASSERT_H 1
| #define HAVE_FCNTL_H 1
| #define HAVE_UNISTD_H 1
| /* end confdefs.h.  */
| #include <stdio.h>
| #if HAVE_SYS_TYPES_H
| # include <sys/types.h>
| #endif
| #if HAVE_SYS_STAT_H
| # include <sys/stat.h>
| #endif
| #if STDC_HEADERS
| # include <stdlib.h>
| # include <stddef.h>
| #else
| # if HAVE_STDLIB_H
| #  include <stdlib.h>
| # endif
| #endif
| #if HAVE_STRING_H
| # if !STDC_HEADERS && HAVE_MEMORY_H
| #  include <memory.h>
| # endif
| # include <string.h>
| #endif
| #if HAVE_STRINGS_H
| # include <strings.h>
| #endif
| #if HAVE_INTTYPES_H
| # include <inttypes.h>
| #else
| # if HAVE_STDINT_H
| #  include <stdint.h>
| # endif
| #endif
| #if HAVE_UNISTD_H
| # include <unistd.h>
| #endif
| #include <dbmalloc.h>
configure:3140: result: no
configure:3144: checking dbmalloc.h presence
configure:3154: gcc -E  conftest.c
conftest.c:25:22: fatal error: dbmalloc.h: No such file or directory
compilation terminated.
configure:3160: $? = 1
configure: failed program was:
| /* confdefs.h.  */
| 
| #define PACKAGE_NAME ""
| #define PACKAGE_TARNAME ""
| #define PACKAGE_VERSION ""
| #define PACKAGE_STRING ""
| #define PACKAGE_BUGREPORT ""
| #ifdef __cplusplus
| extern "C" void exit (int) throw ();
| #endif
| #define STDC_HEADERS 1
| #define HAVE_SYS_TYPES_H 1
| #define HAVE_SYS_STAT_H 1
| #define HAVE_STDLIB_H 1
| #define HAVE_STRING_H 1
| #define HAVE_MEMORY_H 1
| #define HAVE_STRINGS_H 1
| #define HAVE_INTTYPES_H 1
| #define HAVE_STDINT_H 1
| #define HAVE_UNISTD_H 1
| #define HAVE_ASSERT_H 1
| #define HAVE_FCNTL_H 1
| #define HAVE_UNISTD_H 1
| /* end confdefs.h.  */
| #include <dbmalloc.h>
configure:3180: result: no
configure:3215: checking for dbmalloc.h
configure:3222: result: no
configure:3099: checking dlfcn.h usability
configure:3111: gcc -c -g -O2  conftest.c >&5
configure:3117: $? = 0
configure:3121: test -z 
			 || test ! -s conftest.err
configure:3124: $? = 0
configure:3127: test -s conftest.o
configure:3130: $? = 0
configure:3140: result: yes
configure:3144: checking dlfcn.h presence
configure:3154: gcc -E  conftest.c
configure:3160: $? = 0
configure:3180: result: yes
configure:3215: checking for dlfcn.h
configure:3222: result: yes
configure:3090: checking for stdint.h
configure:3095: result: yes
configure:3099: checking limits.h usability
configure:3111: gcc -c -g -O2  conftest.c >&5
configure:3117: $? = 0
configure:3121: test -z 
			 || test ! -s conftest.err
configure:3124: $? = 0
configure:3127: test -s conftest.o
configure:3130: $? = 0
configure:3140: result: yes
configure:3144: checking limits.h presence
configure:3154: gcc -E  conftest.c
configure:3160: $? = 0
configure:3180: result: yes
configure:3215: checking for limits.h
configure:3222: result: yes
configure:3099: checking locale.h usability
configure:3111: gcc -c -g -O2  conftest.c >&5
configure:3117: $? = 0
configure:3121: test -z 
			 || test ! -s conftest.err
configure:3124: $? = 0
configure:3127: test -s conftest.o
configure:3130: $? = 0
configure:3140: result: yes
configure:3144: checking locale.h presence
configure:3154: gcc -E  conftest.c
configure:3160: $? = 0
configure:3180: result: yes
configure:3215: checking for locale.h
configure:3222: result: yes
configure:3099: checking values.h usability
configure:3111: gcc -c -g -O2  conftest.c >&5
configure:3117: $? = 0
configure:3121: test -z 
			 || test ! -s conftest.err
configure:3124: $? = 0
configure:3127: test -s conftest.o
configure:3130: $? = 0
configure:3140: result: yes
configure:3144: checking values.h presence
configure:3154: gcc -E  conftest.c
configure:3160: $? = 0
configure:3180: result: yes
configure:3215: checking for values.h
configure:3222: result: yes
configure:3099: checking float.h usability
configure:3111: gcc -c -g -O2  conftest.c >&5
configure:3117: $? = 0
configure:3121: test -z 
			 || test ! -s conftest.err
configure:3124: $? = 0
configure:3127: test -s conftest.o
configure:3130: $? = 0
configure:3140: result: yes
configure:3144: checking float.h presence
configure:3154: gcc -E  conftest.c
configure:3160: $? = 0
configure:3180: result: yes
configure:3215: checking for float.h
configure:3222: result: yes
configure:3099: checking errno.h usability
configure:3111: gcc -c -g -O2  conftest.c >&5
configure:3117: $? = 0
configure:3121: test -z 
			 || test ! -s conftest.err
configure:3124: $? = 0
configure:3127: test -s conftest.o
configure:3130: $? = 0
configure:3140: result: yes
configure:3144: checking errno.h presence
configure:3154: gcc -E  conftest.c
configure:3160: $? = 0
configure:3180: result: yes
configure:3215: checking for errno.h
configure:3222: result: yes
configure:3236: checking whether byte ordering is bigendian
configure:3263: gcc -c -g -O2  conftest.c >&5
configure:3269: $? = 0
configure:3273: test -z 
			 || test ! -s conftest.err
configure:3276: $? = 0
configure:3279: test -s conftest.o
configure:3282: $? = 0
configure:3306: gcc -c -g -O2  conftest.c >&5
conftest.c: In function 'main':
conftest.c:39:2: error: unknown type name 'not'
  not big endian
  ^
conftest.c:39:10: error: expected '=', ',', ';', 'asm' or '__attribute__' before 'endian'
  not big endian
          ^
configure:3312: $? = 1
configure: failed program was:
| /* confdefs.h.  */
| 
| #define PACKAGE_NAME ""
| #define PACKAGE_TARNAME ""
| #define PACKAGE_VERSION ""
| #define PACKAGE_STRING ""
| #define PACKAGE_BUGREPORT ""
| #ifdef __cplusplus
| extern "C" void exit (int) throw ();
| #endif
| #define STDC_HEADERS 1
| #define HAVE_SYS_TYPES_H 1
| #define HAVE_SYS_STAT_H 1
| #define HAVE_STDLIB_H 1
| #define HAVE_STRING_H 1
| #define HAVE_MEMORY_H 1
| #define HAVE_STRINGS_H 1
| #define HAVE_INTTYPES_H 1
| #define HAVE_STDINT_H 1
| #define HAVE_UNISTD_H 1
| #define HAVE_ASSERT_H 1
| #define HAVE_FCNTL_H 1
| #define HAVE_UNISTD_H 1
| #define HAVE_DLFCN_H 1
| #define HAVE_STDINT_H 1
| #define HAVE_LIMITS_H 1
| #define HAVE_LOCALE_H 1
| #define HAVE_VALUES_H 1
| #define HAVE_FLOAT_H 1
| #define HAVE_ERRNO_H 1
| /* end confdefs.h.  */
| #include <sys/types.h>
| #include <sys/param.h>
| 
| int
| main ()
| {
| #if BYTE_ORDER != BIG_ENDIAN
|  not big endian
| #endif
| 
|   ;
|   return 0;
| }
configure:3447: result: no
configure:3470: checking for vprintf
configure:3527: gcc -o conftest -g -O2   conftest.c  >&5
conftest.c:56:6: warning: conflicting types for built-in function 'vprintf'
 char vprintf ();
      ^
configure:3533: $? = 0
configure:3537: test -z 
			 || test ! -s conftest.err
configure:3540: $? = 0
configure:3543: test -s conftest
configure:3546: $? = 0
configure:3558: result: yes
configure:3565: checking for _doprnt
configure:3622: gcc -o conftest -g -O2   conftest.c  >&5
/tmp/ccKvIFzs.o:(.data+0x0): undefined reference to `_doprnt'
/tmp/ccKvIFzs.o: In function `main':
/home/curry/iso8211lib-master/conftest.c:72: undefined reference to `_doprnt'
collect2: error: ld returned 1 exit status
configure:3628: $? = 1
configure: failed program was:
| /* confdefs.h.  */
| 
| #define PACKAGE_NAME ""
| #define PACKAGE_TARNAME ""
| #define PACKAGE_VERSION ""
| #define PACKAGE_STRING ""
| #define PACKAGE_BUGREPORT ""
| #ifdef __cplusplus
| extern "C" void exit (int) throw ();
| #endif
| #define STDC_HEADERS 1
| #define HAVE_SYS_TYPES_H 1
| #define HAVE_SYS_STAT_H 1
| #define HAVE_STDLIB_H 1
| #define HAVE_STRING_H 1
| #define HAVE_MEMORY_H 1
| #define HAVE_STRINGS_H 1
| #define HAVE_INTTYPES_H 1
| #define HAVE_STDINT_H 1
| #define HAVE_UNISTD_H 1
| #define HAVE_ASSERT_H 1
| #define HAVE_FCNTL_H 1
| #define HAVE_UNISTD_H 1
| #define HAVE_DLFCN_H 1
| #define HAVE_STDINT_H 1
| #define HAVE_LIMITS_H 1
| #define HAVE_LOCALE_H 1
| #define HAVE_VALUES_H 1
| #define HAVE_FLOAT_H 1
| #define HAVE_ERRNO_H 1
| #define HAVE_VPRINTF 1
| /* end confdefs.h.  */
| /* Define _doprnt to an innocuous variant, in case <limits.h> declares _doprnt.
|    For example, HP-UX 11i <limits.h> declares gettimeofday.  */
| #define _doprnt innocuous__doprnt
| 
| /* System header to define __stub macros and hopefully few prototypes,
|     which can conflict with char _doprnt (); below.
|     Prefer <limits.h> to <assert.h> if __STDC__ is defined, since
|     <limits.h> exists even on freestanding compilers.  */
| 
| #ifdef __STDC__
| # include <limits.h>
| #else
| # include <assert.h>
| #endif
| 
| #undef _doprnt
| 
| /* Override any gcc2 internal prototype to avoid an error.  */
| #ifdef __cplusplus
| extern "C"
| {
| #endif
| /* We use char because int might match the return type of a gcc2
|    builtin and then its argument prototype would still apply.  */
| char _doprnt ();
| /* The GNU C library defines this for functions which it implements
|     to always fail with ENOSYS.  Some functions are actually named
|     something starting with __ and the normal name is an alias.  */
| #if defined (__stub__doprnt) || defined (__stub____doprnt)
| choke me
| #else
| char (*f) () = _doprnt;
| #endif
| #ifdef __cplusplus
| }
| #endif
| 
| int
| main ()
| {
| return f != _doprnt;
|   ;
|   return 0;
| }
configure:3653: result: no
configure:3784: creating ./config.status

## ---------------------- ##
## Running config.status. ##
## ---------------------- ##

This file was extended by config.status, which was
generated by GNU Autoconf 2.59.  Invocation command line was

  CONFIG_FILES    = 
  CONFIG_HEADERS  = 
  CONFIG_LINKS    = 
  CONFIG_COMMANDS = 
  $ ./config.status 

on curry-virtual-machine

config.status:646: creating Makefile
config.status:749: creating cpl_config.h

## ---------------- ##
## Cache variables. ##
## ---------------- ##

ac_cv_c_bigendian=no
ac_cv_c_compiler_gnu=yes
ac_cv_cxx_compiler_gnu=yes
ac_cv_env_CC_set=
ac_cv_env_CC_value=
ac_cv_env_CFLAGS_set=
ac_cv_env_CFLAGS_value=
ac_cv_env_CPPFLAGS_set=
ac_cv_env_CPPFLAGS_value=
ac_cv_env_CPP_set=
ac_cv_env_CPP_value=
ac_cv_env_CXXFLAGS_set=
ac_cv_env_CXXFLAGS_value=
ac_cv_env_CXX_set=
ac_cv_env_CXX_value=
ac_cv_env_LDFLAGS_set=
ac_cv_env_LDFLAGS_value=
ac_cv_env_build_alias_set=
ac_cv_env_build_alias_value=
ac_cv_env_host_alias_set=
ac_cv_env_host_alias_value=
ac_cv_env_target_alias_set=
ac_cv_env_target_alias_value=
ac_cv_exeext=
ac_cv_func__doprnt=no
ac_cv_func_vprintf=yes
ac_cv_header_assert_h=yes
ac_cv_header_dbmalloc_h=no
ac_cv_header_dlfcn_h=yes
ac_cv_header_errno_h=yes
ac_cv_header_fcntl_h=yes
ac_cv_header_float_h=yes
ac_cv_header_inttypes_h=yes
ac_cv_header_limits_h=yes
ac_cv_header_locale_h=yes
ac_cv_header_memory_h=yes
ac_cv_header_stdc=yes
ac_cv_header_stdint_h=yes
ac_cv_header_stdlib_h=yes
ac_cv_header_string_h=yes
ac_cv_header_strings_h=yes
ac_cv_header_sys_stat_h=yes
ac_cv_header_sys_types_h=yes
ac_cv_header_unistd_h=yes
ac_cv_header_values_h=yes
ac_cv_objext=o
ac_cv_prog_CPP='gcc -E'
ac_cv_prog_ac_ct_CC=gcc
ac_cv_prog_ac_ct_CXX=g++
ac_cv_prog_cc_g=yes
ac_cv_prog_cc_stdc=
ac_cv_prog_cxx_g=yes
ac_cv_prog_egrep='grep -E'

## ----------------- ##
## Output variables. ##
## ----------------- ##

CC='gcc'
CFLAGS='-O2 '
CPP='gcc -E'
CPPFLAGS=''
CXX='g++'
CXXFLAGS='-O2 '
CXX_WFLAGS='-Wall'
C_WFLAGS=''
DEFS='-DHAVE_CONFIG_H'
ECHO_C=''
ECHO_N='-n'
ECHO_T=''
EGREP='grep -E'
EXEEXT=''
LDFLAGS=''
LIBOBJS=''
LIBS=''
LTLIBOBJS=''
OBJEXT='o'
PACKAGE_BUGREPORT=''
PACKAGE_NAME=''
PACKAGE_STRING=''
PACKAGE_TARNAME=''
PACKAGE_VERSION=''
PATH_SEPARATOR=':'
SHELL='/bin/bash'
ac_ct_CC='gcc'
ac_ct_CXX='g++'
bindir='${exec_prefix}/bin'
build_alias=''
datadir='${prefix}/share'
exec_prefix='${prefix}'
host_alias=''
includedir='${prefix}/include'
infodir='${prefix}/info'
libdir='${exec_prefix}/lib'
libexecdir='${exec_prefix}/libexec'
localstatedir='${prefix}/var'
mandir='${prefix}/man'
oldincludedir='/usr/include'
prefix='/usr/local'
program_transform_name='s,x,x,'
sbindir='${exec_prefix}/sbin'
sharedstatedir='${prefix}/com'
sysconfdir='${prefix}/etc'
target_alias=''

## ----------- ##
## confdefs.h. ##
## ----------- ##

#define HAVE_ASSERT_H 1
#define HAVE_DLFCN_H 1
#define HAVE_ERRNO_H 1
#define HAVE_FCNTL_H 1
#define HAVE_FLOAT_H 1
#define HAVE_INTTYPES_H 1
#define HAVE_LIMITS_H 1
#define HAVE_LOCALE_H 1
#define HAVE_MEMORY_H 1
#define HAVE_STDINT_H 1
#define HAVE_STDINT_H 1
#define HAVE_STDLIB_H 1
#define HAVE_STRINGS_H 1
#define HAVE_STRING_H 1
#define HAVE_SYS_STAT_H 1
#define HAVE_SYS_TYPES_H 1
#define HAVE_UNISTD_H 1
#define HAVE_UNISTD_H 1
#define HAVE_VALUES_H 1
#define HAVE_VPRINTF 1
#define PACKAGE_BUGREPORT ""
#define PACKAGE_NAME ""
#define PACKAGE_STRING ""
#define PACKAGE_TARNAME ""
#define PACKAGE_VERSION ""
#define STDC_HEADERS 1
#define USE_GNUCC 1
#endif
#ifdef __cplusplus
extern "C" void exit (int) throw ();

configure: exit 0
